<?xml version="1.0" encoding="UTF-8"?>
<!-- Generated by org.testng.reporters.JUnitXMLReporter -->
<testsuite ignored="0" hostname="DESKTOP-U3SNJL3" failures="0" tests="4" name="Test" time="61.286" errors="0" timestamp="19 Mar 2024 14:23:19 GMT">
  <testcase classname="testPackage.InvalidLoginTestCase" name="invalidLoginTC" time="22.116"/>
  <testcase classname="testPackage.ValidLoginTestCase" name="loginTestCase" time="7.569"/>
  <testcase classname="testPackage.CreateUserManager" name="createUserManagerTC" time="9.374"/>
  <testcase classname="testPackage.CreateNewCustomerAndProject" name="createNewCustomerAndProjectTC" time="13.356"/>
</testsuite> <!-- Test -->
