<?xml version="1.0" encoding="UTF-8"?>
<testng-results ignored="0" total="4" passed="4" failed="0" skipped="0">
  <reporter-output>
  </reporter-output>
  <suite started-at="2024-03-19T14:22:17Z" name="Suite" finished-at="2024-03-19T14:23:19Z" duration-ms="61286">
    <groups>
    </groups>
    <test started-at="2024-03-19T14:22:17Z" name="Test" finished-at="2024-03-19T14:23:19Z" duration-ms="61286">
      <class name="testPackage.ValidLoginTestCase">
        <test-method is-config="true" signature="setUp()[pri:0, instance:testPackage.ValidLoginTestCase@15713d56]" started-at="2024-03-19T14:22:42Z" name="setUp" finished-at="2024-03-19T14:22:44Z" duration-ms="1839" status="PASS">
          <reporter-output>
          </reporter-output>
        </test-method> <!-- setUp -->
        <test-method signature="loginTestCase()[pri:0, instance:testPackage.ValidLoginTestCase@15713d56]" started-at="2024-03-19T14:22:44Z" name="loginTestCase" finished-at="2024-03-19T14:22:52Z" duration-ms="7569" status="PASS">
          <reporter-output>
          </reporter-output>
        </test-method> <!-- loginTestCase -->
        <test-method is-config="true" signature="tearDown()[pri:0, instance:testPackage.ValidLoginTestCase@15713d56]" started-at="2024-03-19T14:22:52Z" name="tearDown" finished-at="2024-03-19T14:22:52Z" duration-ms="225" status="PASS">
          <reporter-output>
          </reporter-output>
        </test-method> <!-- tearDown -->
      </class> <!-- testPackage.ValidLoginTestCase -->
      <class name="testPackage.CreateNewCustomerAndProject">
        <test-method is-config="true" signature="setUp()[pri:0, instance:testPackage.CreateNewCustomerAndProject@26ceffa8]" started-at="2024-03-19T14:23:03Z" name="setUp" finished-at="2024-03-19T14:23:05Z" duration-ms="1715" status="PASS">
          <reporter-output>
          </reporter-output>
        </test-method> <!-- setUp -->
        <test-method signature="createNewCustomerAndProjectTC()[pri:0, instance:testPackage.CreateNewCustomerAndProject@26ceffa8]" started-at="2024-03-19T14:23:05Z" name="createNewCustomerAndProjectTC" finished-at="2024-03-19T14:23:18Z" duration-ms="13356" status="PASS">
          <reporter-output>
          </reporter-output>
        </test-method> <!-- createNewCustomerAndProjectTC -->
        <test-method is-config="true" signature="tearDown()[pri:0, instance:testPackage.CreateNewCustomerAndProject@26ceffa8]" started-at="2024-03-19T14:23:18Z" name="tearDown" finished-at="2024-03-19T14:23:19Z" duration-ms="301" status="PASS">
          <reporter-output>
          </reporter-output>
        </test-method> <!-- tearDown -->
      </class> <!-- testPackage.CreateNewCustomerAndProject -->
      <class name="testPackage.InvalidLoginTestCase">
        <test-method is-config="true" signature="setUp()[pri:0, instance:testPackage.InvalidLoginTestCase@6cc558c6]" started-at="2024-03-19T14:22:17Z" name="setUp" finished-at="2024-03-19T14:22:20Z" duration-ms="2554" status="PASS">
          <reporter-output>
          </reporter-output>
        </test-method> <!-- setUp -->
        <test-method signature="invalidLoginTC()[pri:0, instance:testPackage.InvalidLoginTestCase@6cc558c6]" started-at="2024-03-19T14:22:20Z" name="invalidLoginTC" finished-at="2024-03-19T14:22:42Z" duration-ms="22116" status="PASS">
          <reporter-output>
          </reporter-output>
        </test-method> <!-- invalidLoginTC -->
        <test-method is-config="true" signature="tearDown()[pri:0, instance:testPackage.InvalidLoginTestCase@6cc558c6]" started-at="2024-03-19T14:22:42Z" name="tearDown" finished-at="2024-03-19T14:22:42Z" duration-ms="254" status="PASS">
          <reporter-output>
          </reporter-output>
        </test-method> <!-- tearDown -->
      </class> <!-- testPackage.InvalidLoginTestCase -->
      <class name="testPackage.CreateUserManager">
        <test-method is-config="true" signature="setUp()[pri:0, instance:testPackage.CreateUserManager@63f259c3]" started-at="2024-03-19T14:22:52Z" name="setUp" finished-at="2024-03-19T14:22:54Z" duration-ms="1649" status="PASS">
          <reporter-output>
          </reporter-output>
        </test-method> <!-- setUp -->
        <test-method signature="createUserManagerTC()[pri:0, instance:testPackage.CreateUserManager@63f259c3]" started-at="2024-03-19T14:22:54Z" name="createUserManagerTC" finished-at="2024-03-19T14:23:03Z" duration-ms="9374" status="PASS">
          <reporter-output>
          </reporter-output>
        </test-method> <!-- createUserManagerTC -->
        <test-method is-config="true" signature="tearDown()[pri:0, instance:testPackage.CreateUserManager@63f259c3]" started-at="2024-03-19T14:23:03Z" name="tearDown" finished-at="2024-03-19T14:23:03Z" duration-ms="272" status="PASS">
          <reporter-output>
          </reporter-output>
        </test-method> <!-- tearDown -->
      </class> <!-- testPackage.CreateUserManager -->
    </test> <!-- Test -->
  </suite> <!-- Suite -->
</testng-results>
