<?xml version="1.0" encoding="UTF-8"?>
<!-- Generated by org.testng.reporters.JUnitXMLReporter -->
<testsuite ignored="1" hostname="DESKTOP-U3SNJL3" failures="0" tests="2" name="Test" time="20.474" errors="0" timestamp="15 Mar 2024 13:23:45 GMT">
  <testcase classname="testNGExecution.Remo" name="remo" time="11.672"/>
  <testcase classname="testNGExecution.Demo" name="demo" time="8.759"/>
  <testcase classname="testNGExecution.Sumo" name="sumo" time="0.0">
    <ignored/>
  </testcase> <!-- sumo -->
</testsuite> <!-- Test -->
