<?xml version="1.0" encoding="UTF-8"?>
<!-- Generated by org.testng.reporters.JUnitXMLReporter -->
<testsuite ignored="2" hostname="DESKTOP-U3SNJL3" failures="0" tests="1" name="Test" time="9.755" errors="0" timestamp="14 Mar 2024 14:53:59 GMT">
  <testcase classname="testNGExecution.Remo" name="remo" time="9.727"/>
  <testcase classname="testNGExecution.Demo" name="demo" time="0.0">
    <ignored/>
  </testcase> <!-- demo -->
  <testcase classname="testNGExecution.Sumo" name="sumo" time="0.0">
    <ignored/>
  </testcase> <!-- sumo -->
</testsuite> <!-- Test -->
