<?xml version="1.0" encoding="UTF-8"?>
<testng-results ignored="2" total="3" passed="1" failed="0" skipped="0">
  <reporter-output>
  </reporter-output>
  <suite started-at="2024-03-14T14:53:49Z" name="Suite" finished-at="2024-03-14T14:53:59Z" duration-ms="9755">
    <groups>
      <group name="Smoke Test">
        <method signature="Remo.remo()[pri:0, instance:testNGExecution.Remo@12359a82]" name="remo" class="testNGExecution.Remo"/>
      </group> <!-- Smoke Test -->
    </groups>
    <test started-at="2024-03-14T14:53:49Z" name="Test" finished-at="2024-03-14T14:53:59Z" duration-ms="9755">
      <class name="testNGExecution.Remo">
        <test-method signature="remo()[pri:0, instance:testNGExecution.Remo@12359a82]" started-at="2024-03-14T14:53:49Z" name="remo" finished-at="2024-03-14T14:53:59Z" duration-ms="9727" status="PASS">
          <reporter-output>
          </reporter-output>
        </test-method> <!-- remo -->
      </class> <!-- testNGExecution.Remo -->
    </test> <!-- Test -->
  </suite> <!-- Suite -->
</testng-results>
