<?xml version="1.0" encoding="UTF-8"?>
<testng-results ignored="0" total="3" passed="3" failed="0" skipped="0">
  <reporter-output>
    <line>
      <![CDATA[This is Logout Method]]>
    </line>
    <line>
      <![CDATA[This is Login Method]]>
    </line>
    <line>
      <![CDATA[This is Add To Cart Method]]>
    </line>
  </reporter-output>
  <suite started-at="2024-03-11T14:45:38Z" name="Default suite" finished-at="2024-03-11T14:45:38Z" duration-ms="81">
    <groups>
    </groups>
    <test started-at="2024-03-11T14:45:38Z" name="Default test" finished-at="2024-03-11T14:45:38Z" duration-ms="81">
      <class name="learningTestNG.FirstTestNGClass">
        <test-method signature="logout()[pri:0, instance:learningTestNG.FirstTestNGClass@1f53a5dc]" started-at="2024-03-11T14:45:38Z" name="logout" finished-at="2024-03-11T14:45:38Z" duration-ms="17" status="PASS">
          <reporter-output>
            <line>
              <![CDATA[This is Logout Method]]>
            </line>
          </reporter-output>
        </test-method> <!-- logout -->
        <test-method signature="login()[pri:1, instance:learningTestNG.FirstTestNGClass@1f53a5dc]" started-at="2024-03-11T14:45:38Z" name="login" finished-at="2024-03-11T14:45:38Z" duration-ms="5" status="PASS">
          <reporter-output>
            <line>
              <![CDATA[This is Login Method]]>
            </line>
          </reporter-output>
        </test-method> <!-- login -->
        <test-method signature="addToCart()[pri:2, instance:learningTestNG.FirstTestNGClass@1f53a5dc]" started-at="2024-03-11T14:45:38Z" name="addToCart" finished-at="2024-03-11T14:45:38Z" duration-ms="2" status="PASS">
          <reporter-output>
            <line>
              <![CDATA[This is Add To Cart Method]]>
            </line>
          </reporter-output>
        </test-method> <!-- addToCart -->
      </class> <!-- learningTestNG.FirstTestNGClass -->
    </test> <!-- Default test -->
  </suite> <!-- Default suite -->
</testng-results>
